0 info it worked if it ends with ok
1 verbose cli [ 'C:\\Program Files (x86)\\nodejs\\node.exe',
1 verbose cli   'C:\\Program Files (x86)\\nodejs\\node_modules\\npm\\bin\\npm-cli.js',
1 verbose cli   'run',
1 verbose cli   'gulp' ]
2 info using npm@2.7.4
3 info using node@v0.12.2
4 verbose run-script [ 'pregulp', 'gulp', 'postgulp' ]
5 info pregulp js-api@1.0.0
6 info gulp js-api@1.0.0
7 verbose unsafe-perm in lifecycle true
8 info js-api@1.0.0 Failed to exec gulp script
9 verbose stack Error: js-api@1.0.0 gulp: `gulp`
9 verbose stack Exit status 1
9 verbose stack     at EventEmitter.<anonymous> (C:\Program Files (x86)\nodejs\node_modules\npm\lib\utils\lifecycle.js:213:16)
9 verbose stack     at EventEmitter.emit (events.js:110:17)
9 verbose stack     at ChildProcess.<anonymous> (C:\Program Files (x86)\nodejs\node_modules\npm\lib\utils\spawn.js:14:12)
9 verbose stack     at ChildProcess.emit (events.js:110:17)
9 verbose stack     at maybeClose (child_process.js:1015:16)
9 verbose stack     at Process.ChildProcess._handle.onexit (child_process.js:1087:5)
10 verbose pkgid js-api@1.0.0
11 verbose cwd D:\js\js-api
12 error Windows_NT 6.3.9600
13 error argv "C:\\Program Files (x86)\\nodejs\\node.exe" "C:\\Program Files (x86)\\nodejs\\node_modules\\npm\\bin\\npm-cli.js" "run" "gulp"
14 error node v0.12.2
15 error npm  v2.7.4
16 error code ELIFECYCLE
17 error js-api@1.0.0 gulp: `gulp`
17 error Exit status 1
18 error Failed at the js-api@1.0.0 gulp script 'gulp'.
18 error This is most likely a problem with the js-api package,
18 error not with npm itself.
18 error Tell the author that this fails on your system:
18 error     gulp
18 error You can get their info via:
18 error     npm owner ls js-api
18 error There is likely additional logging output above.
19 verbose exit [ 1, true ]
